
=== cargo clean ===
Command: cargo clean
When: 2025-12-17 01:32:32
warning: virtual workspace defaulting to `resolver = "1"` despite one or more workspace members being on edition 2021 which implies `resolver = "2"`
note: to keep the current resolver, specify `workspace.resolver = "1"` in the workspace root's manifest
note: to use the edition 2021 resolver, specify `workspace.resolver = "2"` in the workspace root's manifest
note: for more details see https://doc.rust-lang.org/cargo/reference/resolver.html#resolver-versions
     Removed 1103 files, 282.2MiB total
Root: C:\Users\Administrator\Desktop\Projects\oasm

=== cargo build ===
Command: cargo build --all-targets --all-features
When: 2025-12-17 01:32:32
warning: virtual workspace defaulting to `resolver = "1"` despite one or more workspace members being on edition 2021 which implies `resolver = "2"`
note: to keep the current resolver, specify `workspace.resolver = "1"` in the workspace root's manifest
note: to use the edition 2021 resolver, specify `workspace.resolver = "2"` in the workspace root's manifest
note: for more details see https://doc.rust-lang.org/cargo/reference/resolver.html#resolver-versions
   Compiling windows-link v0.2.1
   Compiling proc-macro2 v1.0.103
   Compiling quote v1.0.42
   Compiling unicode-ident v1.0.22
   Compiling cfg-if v1.0.4
   Compiling log v0.4.29
   Compiling once_cell v1.21.3
   Compiling smallvec v1.15.1
   Compiling memchr v2.7.6
   Compiling pin-project-lite v0.2.16
   Compiling windows_x86_64_msvc v0.53.1
   Compiling serde_core v1.0.228
   Compiling lazy_static v1.5.0
   Compiling regex-syntax v0.8.8
   Compiling serde v1.0.228
   Compiling ryu v1.0.20
   Compiling serde_json v1.0.145
   Compiling version_check v0.9.5
   Compiling typenum v1.19.0
   Compiling parking_lot_core v0.9.12
   Compiling itoa v1.0.15
   Compiling windows_x86_64_msvc v0.48.5
   Compiling scopeguard v1.2.0
   Compiling anyhow v1.0.100
   Compiling equivalent v1.0.2
   Compiling autocfg v1.5.0
   Compiling crossbeam-utils v0.8.21
   Compiling hashbrown v0.16.1
   Compiling utf8parse v0.2.2
   Compiling once_cell_polyfill v1.70.2
   Compiling bytes v1.11.0
   Compiling libc v0.2.178
   Compiling thread_local v1.1.9
   Compiling sharded-slab v0.1.7
   Compiling unsafe-libyaml v0.2.11
   Compiling lock_api v0.4.14
   Compiling anstyle v1.0.13
   Compiling windows-sys v0.61.2
   Compiling anstyle-parse v0.2.7
   Compiling tracing-core v0.1.35
   Compiling getrandom v0.3.4
   Compiling is_terminal_polyfill v1.70.2
   Compiling colorchoice v1.0.4
   Compiling libloading v0.8.9
   Compiling thiserror v1.0.69
   Compiling half v1.8.3
   Compiling jiff v0.2.16
   Compiling fastrand v2.3.0
   Compiling cpufeatures v0.2.17
   Compiling rust_ui v0.1.0 (C:\Users\Administrator\Desktop\Projects\oasm\ui\rust_ui)
   Compiling generic-array v0.14.7
   Compiling compiler v0.1.0 (C:\Users\Administrator\Desktop\Projects\oasm\compiler)
error[E0433]: failed to resolve: use of unresolved module or unlinked crate `runtime_daemon`
 --> compiler\src\lib.rs:1:5
  |
1 | use runtime_daemon::parser::parse_manifest;
  |     ^^^^^^^^^^^^^^ use of unresolved module or unlinked crate `runtime_daemon`
  |
  = help: if you wanted to use a crate named `runtime_daemon`, use `cargo add runtime_daemon` to add it to your `Cargo.toml`
System.Management.Automation.RemoteException
error[E0433]: failed to resolve: use of unresolved module or unlinked crate `runtime_daemon`
 --> compiler\src\lib.rs:2:5
  |
2 | use runtime_daemon::validator::validate_manifest;
  |     ^^^^^^^^^^^^^^ use of unresolved module or unlinked crate `runtime_daemon`
  |
  = help: if you wanted to use a crate named `runtime_daemon`, use `cargo add runtime_daemon` to add it to your `Cargo.toml`
System.Management.Automation.RemoteException
error[E0433]: failed to resolve: use of unresolved module or unlinked crate `runtime_daemon`
 --> compiler\src\lib.rs:3:5
  |
3 | use runtime_daemon::commit::commit_manifest;
  |     ^^^^^^^^^^^^^^ use of unresolved module or unlinked crate `runtime_daemon`
  |
  = help: if you wanted to use a crate named `runtime_daemon`, use `cargo add runtime_daemon` to add it to your `Cargo.toml`
System.Management.Automation.RemoteException
error[E0433]: failed to resolve: use of unresolved module or unlinked crate `runtime_daemon`
 --> compiler\src\lib.rs:4:5
  |
4 | use runtime_daemon::lineage::record_event;
  |     ^^^^^^^^^^^^^^ use of unresolved module or unlinked crate `runtime_daemon`
  |
  = help: if you wanted to use a crate named `runtime_daemon`, use `cargo add runtime_daemon` to add it to your `Cargo.toml`
System.Management.Automation.RemoteException
error[E0433]: failed to resolve: use of unresolved module or unlinked crate `log`
 --> compiler\src\lib.rs:7:5
  |
7 |     log::info!("Compiler invoked on manifest: {}", path);
  |     ^^^ use of unresolved module or unlinked crate `log`
System.Management.Automation.RemoteException
error[E0433]: failed to resolve: use of unresolved module or unlinked crate `log`
  --> compiler\src\lib.rs:10:9
   |
10 |         log::error!("Parsing failed: {}", e);
   |         ^^^ use of unresolved module or unlinked crate `log`
System.Management.Automation.RemoteException
error[E0433]: failed to resolve: use of unresolved module or unlinked crate `log`
  --> compiler\src\lib.rs:15:9
   |
15 |         log::error!("Validation failed: {}", e);
   |         ^^^ use of unresolved module or unlinked crate `log`
System.Management.Automation.RemoteException
error[E0433]: failed to resolve: use of unresolved module or unlinked crate `log`
  --> compiler\src\lib.rs:20:9
   |
20 |         log::error!("Commit failed: {}", e);
   |         ^^^ use of unresolved module or unlinked crate `log`
System.Management.Automation.RemoteException
For more information about this error, try `rustc --explain E0433`.
error: could not compile `compiler` (lib) due to 8 previous errors
warning: build failed, waiting for other jobs to finish...
error: could not compile `compiler` (lib test) due to 8 previous errors

=== cargo check ===
Command: cargo check --all-targets --all-features --message-format=short
When: 2025-12-17 01:32:36
warning: virtual workspace defaulting to `resolver = "1"` despite one or more workspace members being on edition 2021 which implies `resolver = "2"`
note: to keep the current resolver, specify `workspace.resolver = "1"` in the workspace root's manifest
note: to use the edition 2021 resolver, specify `workspace.resolver = "2"` in the workspace root's manifest
note: for more details see https://doc.rust-lang.org/cargo/reference/resolver.html#resolver-versions
    Checking windows-link v0.2.1
    Checking cfg-if v1.0.4
    Checking once_cell v1.21.3
    Checking log v0.4.29
    Checking smallvec v1.15.1
    Checking memchr v2.7.6
    Checking pin-project-lite v0.2.16
    Checking lazy_static v1.5.0
    Checking regex-syntax v0.8.8
    Checking itoa v1.0.15
    Checking ryu v1.0.20
    Checking scopeguard v1.2.0
    Checking hashbrown v0.16.1
    Checking equivalent v1.0.2
    Checking bytes v1.11.0
   Compiling proc-macro2 v1.0.103
   Compiling quote v1.0.42
   Compiling serde_core v1.0.228
   Compiling windows_x86_64_msvc v0.53.1
   Compiling serde v1.0.228
   Compiling serde_json v1.0.145
   Compiling typenum v1.19.0
   Compiling parking_lot_core v0.9.12
   Compiling windows_x86_64_msvc v0.48.5
   Compiling anyhow v1.0.100
   Compiling num-traits v0.2.19
   Compiling crossbeam-utils v0.8.21
    Checking once_cell_polyfill v1.70.2
    Checking utf8parse v0.2.2
    Checking unsafe-libyaml v0.2.11
   Compiling generic-array v0.14.7
    Checking anstyle v1.0.13
    Checking windows-sys v0.61.2
    Checking thread_local v1.1.9
    Checking sharded-slab v0.1.7
   Compiling libc v0.2.178
    Checking lock_api v0.4.14
    Checking colorchoice v1.0.4
    Checking is_terminal_polyfill v1.70.2
   Compiling getrandom v0.3.4
    Checking libloading v0.8.9
    Checking tracing-core v0.1.35
    Checking half v1.8.3
    Checking jiff v0.2.16
   Compiling thiserror v1.0.69
    Checking fastrand v2.3.0
    Checking aho-corasick v1.1.4
    Checking cpufeatures v0.2.17
    Checking indexmap v2.12.1
    Checking anstyle-parse v0.2.7
   Compiling rust_ui v0.1.0 (C:\Users\Administrator\Desktop\Projects\oasm\ui\rust_ui)
    Checking compiler v0.1.0 (C:\Users\Administrator\Desktop\Projects\oasm\compiler)
    Checking windows-targets v0.53.5
    Checking windows-targets v0.48.5
warning: rust_ui@0.1.0: Using Python 3.12 for PyO3 (full compatibility).
compiler\src\lib.rs:1:5: error[E0433]: failed to resolve: use of unresolved module or unlinked crate `runtime_daemon`: use of unresolved module or unlinked crate `runtime_daemon`
compiler\src\lib.rs:2:5: error[E0433]: failed to resolve: use of unresolved module or unlinked crate `runtime_daemon`: use of unresolved module or unlinked crate `runtime_daemon`
compiler\src\lib.rs:3:5: error[E0433]: failed to resolve: use of unresolved module or unlinked crate `runtime_daemon`: use of unresolved module or unlinked crate `runtime_daemon`
compiler\src\lib.rs:4:5: error[E0433]: failed to resolve: use of unresolved module or unlinked crate `runtime_daemon`: use of unresolved module or unlinked crate `runtime_daemon`
compiler\src\lib.rs:7:5: error[E0433]: failed to resolve: use of unresolved module or unlinked crate `log`: use of unresolved module or unlinked crate `log`
compiler\src\lib.rs:10:9: error[E0433]: failed to resolve: use of unresolved module or unlinked crate `log`: use of unresolved module or unlinked crate `log`
compiler\src\lib.rs:15:9: error[E0433]: failed to resolve: use of unresolved module or unlinked crate `log`: use of unresolved module or unlinked crate `log`
compiler\src\lib.rs:20:9: error[E0433]: failed to resolve: use of unresolved module or unlinked crate `log`: use of unresolved module or unlinked crate `log`
    Checking parking_lot v0.12.5
    Checking tracing-log v0.2.0
error: could not compile `compiler` (lib test) due to 8 previous errors
warning: build failed, waiting for other jobs to finish...
error: could not compile `compiler` (lib) due to 8 previous errors

=== cargo clippy ===
Command: cargo clippy --all-targets --all-features -- -D warnings
When: 2025-12-17 01:32:38
warning: virtual workspace defaulting to `resolver = "1"` despite one or more workspace members being on edition 2021 which implies `resolver = "2"`
note: to keep the current resolver, specify `workspace.resolver = "1"` in the workspace root's manifest
note: to use the edition 2021 resolver, specify `workspace.resolver = "2"` in the workspace root's manifest
note: for more details see https://doc.rust-lang.org/cargo/reference/resolver.html#resolver-versions
    Checking nu-ansi-term v0.50.3
    Checking mio v1.1.1
    Checking winapi-util v0.1.11
    Checking anstyle-query v1.1.5
    Checking regex-automata v0.4.13
    Checking anstyle-wincon v3.0.11
   Compiling rust_ui v0.1.0 (C:\Users\Administrator\Desktop\Projects\oasm\ui\rust_ui)
    Checking compiler v0.1.0 (C:\Users\Administrator\Desktop\Projects\oasm\compiler)
   Compiling quote v1.0.42
    Checking serde_json v1.0.145
    Checking generic-array v0.14.7
    Checking crossbeam-channel v0.5.15
    Checking num-traits v0.2.19
    Checking windows-sys v0.60.2
    Checking windows-sys v0.48.0
    Checking tempfile v3.23.0
error[E0433]: failed to resolve: use of unresolved module or unlinked crate `runtime_daemon`
 --> compiler\src\lib.rs:1:5
  |
1 | use runtime_daemon::parser::parse_manifest;
  |     ^^^^^^^^^^^^^^ use of unresolved module or unlinked crate `runtime_daemon`
  |
  = help: if you wanted to use a crate named `runtime_daemon`, use `cargo add runtime_daemon` to add it to your `Cargo.toml`
System.Management.Automation.RemoteException
error[E0433]: failed to resolve: use of unresolved module or unlinked crate `runtime_daemon`
 --> compiler\src\lib.rs:2:5
  |
2 | use runtime_daemon::validator::validate_manifest;
  |     ^^^^^^^^^^^^^^ use of unresolved module or unlinked crate `runtime_daemon`
  |
  = help: if you wanted to use a crate named `runtime_daemon`, use `cargo add runtime_daemon` to add it to your `Cargo.toml`
System.Management.Automation.RemoteException
error[E0433]: failed to resolve: use of unresolved module or unlinked crate `runtime_daemon`
 --> compiler\src\lib.rs:3:5
  |
3 | use runtime_daemon::commit::commit_manifest;
  |     ^^^^^^^^^^^^^^ use of unresolved module or unlinked crate `runtime_daemon`
  |
  = help: if you wanted to use a crate named `runtime_daemon`, use `cargo add runtime_daemon` to add it to your `Cargo.toml`
System.Management.Automation.RemoteException
error[E0433]: failed to resolve: use of unresolved module or unlinked crate `runtime_daemon`
 --> compiler\src\lib.rs:4:5
  |
4 | use runtime_daemon::lineage::record_event;
  |     ^^^^^^^^^^^^^^ use of unresolved module or unlinked crate `runtime_daemon`
  |
  = help: if you wanted to use a crate named `runtime_daemon`, use `cargo add runtime_daemon` to add it to your `Cargo.toml`
System.Management.Automation.RemoteException
error[E0433]: failed to resolve: use of unresolved module or unlinked crate `log`
 --> compiler\src\lib.rs:7:5
  |
7 |     log::info!("Compiler invoked on manifest: {}", path);
  |     ^^^ use of unresolved module or unlinked crate `log`
System.Management.Automation.RemoteException
error[E0433]: failed to resolve: use of unresolved module or unlinked crate `log`
  --> compiler\src\lib.rs:10:9
   |
10 |         log::error!("Parsing failed: {}", e);
   |         ^^^ use of unresolved module or unlinked crate `log`
System.Management.Automation.RemoteException
error[E0433]: failed to resolve: use of unresolved module or unlinked crate `log`
  --> compiler\src\lib.rs:15:9
   |
15 |         log::error!("Validation failed: {}", e);
   |         ^^^ use of unresolved module or unlinked crate `log`
System.Management.Automation.RemoteException
error[E0433]: failed to resolve: use of unresolved module or unlinked crate `log`
  --> compiler\src\lib.rs:20:9
   |
20 |         log::error!("Commit failed: {}", e);
   |         ^^^ use of unresolved module or unlinked crate `log`
System.Management.Automation.RemoteException
For more information about this error, try `rustc --explain E0433`.
error: could not compile `compiler` (lib test) due to 8 previous errors
warning: build failed, waiting for other jobs to finish...
error: could not compile `compiler` (lib) due to 8 previous errors

=== cargo test ===
Command: cargo test --all-targets --all-features -- --nocapture
When: 2025-12-17 01:32:40
warning: virtual workspace defaulting to `resolver = "1"` despite one or more workspace members being on edition 2021 which implies `resolver = "2"`
note: to keep the current resolver, specify `workspace.resolver = "1"` in the workspace root's manifest
note: to use the edition 2021 resolver, specify `workspace.resolver = "2"` in the workspace root's manifest
note: for more details see https://doc.rust-lang.org/cargo/reference/resolver.html#resolver-versions
   Compiling nu-ansi-term v0.50.3
   Compiling aho-corasick v1.1.4
   Compiling winapi-util v0.1.11
   Compiling anstyle-wincon v3.0.11
   Compiling indexmap v2.12.1
   Compiling anstyle-query v1.1.5
   Compiling mio v1.1.1
   Compiling tracing-log v0.2.0
   Compiling serde_core v1.0.228
   Compiling windows_x86_64_msvc v0.53.1
   Compiling windows_x86_64_msvc v0.48.5
   Compiling typenum v1.19.0
   Compiling parking_lot_core v0.9.12
   Compiling crossbeam-utils v0.8.21
   Compiling libc v0.2.178
   Compiling anyhow v1.0.100
   Compiling compiler v0.1.0 (C:\Users\Administrator\Desktop\Projects\oasm\compiler)
   Compiling num-traits v0.2.19
   Compiling getrandom v0.3.4
warning: rust_ui@0.1.0: Using Python 3.12 for PyO3 (full compatibility).
   Compiling syn v2.0.111
   Compiling windows-targets v0.48.5
   Compiling windows-targets v0.53.5
error[E0433]: failed to resolve: use of unresolved module or unlinked crate `runtime_daemon`
 --> compiler\src\lib.rs:1:5
  |
1 | use runtime_daemon::parser::parse_manifest;
  |     ^^^^^^^^^^^^^^ use of unresolved module or unlinked crate `runtime_daemon`
  |
  = help: if you wanted to use a crate named `runtime_daemon`, use `cargo add runtime_daemon` to add it to your `Cargo.toml`
System.Management.Automation.RemoteException
error[E0433]: failed to resolve: use of unresolved module or unlinked crate `runtime_daemon`
 --> compiler\src\lib.rs:2:5
  |
2 | use runtime_daemon::validator::validate_manifest;
  |     ^^^^^^^^^^^^^^ use of unresolved module or unlinked crate `runtime_daemon`
  |
  = help: if you wanted to use a crate named `runtime_daemon`, use `cargo add runtime_daemon` to add it to your `Cargo.toml`
System.Management.Automation.RemoteException
error[E0433]: failed to resolve: use of unresolved module or unlinked crate `runtime_daemon`
 --> compiler\src\lib.rs:3:5
  |
3 | use runtime_daemon::commit::commit_manifest;
  |     ^^^^^^^^^^^^^^ use of unresolved module or unlinked crate `runtime_daemon`
  |
  = help: if you wanted to use a crate named `runtime_daemon`, use `cargo add runtime_daemon` to add it to your `Cargo.toml`
System.Management.Automation.RemoteException
error[E0433]: failed to resolve: use of unresolved module or unlinked crate `runtime_daemon`
 --> compiler\src\lib.rs:4:5
  |
4 | use runtime_daemon::lineage::record_event;
  |     ^^^^^^^^^^^^^^ use of unresolved module or unlinked crate `runtime_daemon`
  |
  = help: if you wanted to use a crate named `runtime_daemon`, use `cargo add runtime_daemon` to add it to your `Cargo.toml`
System.Management.Automation.RemoteException
error[E0433]: failed to resolve: use of unresolved module or unlinked crate `log`
 --> compiler\src\lib.rs:7:5
  |
7 |     log::info!("Compiler invoked on manifest: {}", path);
  |     ^^^ use of unresolved module or unlinked crate `log`
System.Management.Automation.RemoteException
error[E0433]: failed to resolve: use of unresolved module or unlinked crate `log`
  --> compiler\src\lib.rs:10:9
   |
10 |         log::error!("Parsing failed: {}", e);
   |         ^^^ use of unresolved module or unlinked crate `log`
System.Management.Automation.RemoteException
error[E0433]: failed to resolve: use of unresolved module or unlinked crate `log`
  --> compiler\src\lib.rs:15:9
   |
15 |         log::error!("Validation failed: {}", e);
   |         ^^^ use of unresolved module or unlinked crate `log`
System.Management.Automation.RemoteException
error[E0433]: failed to resolve: use of unresolved module or unlinked crate `log`
  --> compiler\src\lib.rs:20:9
   |
20 |         log::error!("Commit failed: {}", e);
   |         ^^^ use of unresolved module or unlinked crate `log`
System.Management.Automation.RemoteException
   Compiling anstream v0.6.21
   Compiling windows-sys v0.48.0
   Compiling windows-sys v0.60.2
For more information about this error, try `rustc --explain E0433`.
   Compiling same-file v1.0.6
error: could not compile `compiler` (lib test) due to 8 previous errors
warning: build failed, waiting for other jobs to finish...

=== Summary (compact) ===
Timestamp: 20251217_013230
Root: C:\Users\Administrator\Desktop\Projects\oasm
Errors:   7
Warnings: 11
Notes:    15
Checklist:
