
=== cargo clean ===
Command: cargo clean
When: 2025-12-17 01:44:36
     Removed 1147 files, 319.3MiB total
Duration: 0.47 seconds

=== cargo build ===
Command: cargo build --all-targets --all-features
When: 2025-12-17 01:44:37
   Compiling proc-macro2 v1.0.103
   Compiling quote v1.0.42
   Compiling unicode-ident v1.0.22
   Compiling once_cell v1.21.3
   Compiling windows-link v0.2.1
   Compiling version_check v0.9.5
   Compiling cfg-if v1.0.4
   Compiling typenum v1.19.0
   Compiling lazy_static v1.5.0
   Compiling serde_core v1.0.228
   Compiling memchr v2.7.6
   Compiling pin-project-lite v0.2.16
   Compiling log v0.4.29
   Compiling smallvec v1.15.1
   Compiling serde v1.0.228
   Compiling serde_json v1.0.145
   Compiling regex-syntax v0.8.8
   Compiling itoa v1.0.15
   Compiling ryu v1.0.20
   Compiling anyhow v1.0.100
   Compiling hashbrown v0.16.1
   Compiling equivalent v1.0.2
   Compiling thiserror v1.0.69
   Compiling rust_ui v0.1.0 (C:\Users\Administrator\Desktop\Projects\oasm\ui\rust_ui)
   Compiling cpufeatures v0.2.17
   Compiling unsafe-libyaml v0.2.11
   Compiling windows-sys v0.61.2
   Compiling libloading v0.8.9
   Compiling sharded-slab v0.1.7
   Compiling thread_local v1.1.9
   Compiling tracing-core v0.1.35
   Compiling generic-array v0.14.7
   Compiling aho-corasick v1.1.4
   Compiling tracing-log v0.2.0
   Compiling indexmap v2.12.1
warning: rust_ui@0.1.0: Using Python 3.12 for PyO3 (full compatibility).
   Compiling nu-ansi-term v0.50.3
   Compiling syn v2.0.111
   Compiling tracing-subscriber v0.3.22
   Compiling regex-automata v0.4.13
   Compiling crypto-common v0.1.7
   Compiling block-buffer v0.10.4
   Compiling digest v0.10.7
   Compiling sha2 v0.10.9
   Compiling regex v1.12.2
   Compiling tracing-attributes v0.1.31
   Compiling serde_derive v1.0.228
   Compiling tokio-macros v2.6.0
   Compiling thiserror-impl v1.0.69
   Compiling tokio v1.48.0
   Compiling tracing v0.1.43
   Compiling core_math v0.1.0 (C:\Users\Administrator\Desktop\Projects\oasm\ui\rust_ui\bin\core_math)
   Compiling plugin_loader v0.1.0 (C:\Users\Administrator\Desktop\Projects\oasm\ui\rust_ui\bin\plugin_loader)
   Compiling validation v0.1.0 (C:\Users\Administrator\Desktop\Projects\oasm\ui\rust_ui\bin\validation)
   Compiling serde_yaml v0.9.34+deprecated
   Compiling ipc_bridge v0.1.0 (C:\Users\Administrator\Desktop\Projects\oasm\ui\rust_ui\bin\ipc_bridge)
error[E0412]: cannot find type `State` in this scope
 --> ui\rust_ui\src\startup.rs:6:37
  |
6 | pub fn init_environment(state: &mut State) -> Result<()> {
  |                                     ^^^^^ not found in this scope
System.Management.Automation.RemoteException
warning: unused import: `crate::config::AppState`
 --> ui\rust_ui\src\startup.rs:1:5
  |
1 | use crate::config::AppState;
  |     ^^^^^^^^^^^^^^^^^^^^^^^
  |
  = note: `#[warn(unused_imports)]` on by default
System.Management.Automation.RemoteException
error[E0382]: borrow of moved value: `phase`
  --> ui\rust_ui\src\config.rs:94:5
   |
92 | pub fn set_lifecycle(state: &mut AppState, phase: Lifecycle) {
   |                                            ----- move occurs because `phase` has type `Lifecycle`, which does not implement the `Copy` trait
93 |     state.lifecycle = phase;
   |                       ----- value moved here
94 |     info!(phase = ?phase, "Lifecycle updated");
   |     ^^^^^^^^^^^^^^^^^^^^^^^^^^^^^^^^^^^^^^^^^^ value borrowed here after move
   |
   = note: this error originates in the macro `$crate::valueset` which comes from the expansion of the macro `info` (in Nightly builds, run with -Z macro-backtrace for more info)
help: consider cloning the value if the performance cost is acceptable
   |
93 |     state.lifecycle = phase.clone();
   |                            ++++++++
System.Management.Automation.RemoteException
Some errors have detailed explanations: E0382, E0412.
For more information about an error, try `rustc --explain E0382`.
warning: `rust_ui` (bin "rust_ui" test) generated 1 warning
warning: rust_ui@0.1.0: Using Python 3.12 for PyO3 (full compatibility).
error: could not compile `rust_ui` (bin "rust_ui" test) due to 2 previous errors; 1 warning emitted
warning: build failed, waiting for other jobs to finish...
warning: `rust_ui` (bin "rust_ui") generated 1 warning (1 duplicate)
warning: rust_ui@0.1.0: Using Python 3.12 for PyO3 (full compatibility).
error: could not compile `rust_ui` (bin "rust_ui") due to 2 previous errors; 1 warning emitted
Duration: 6.66 seconds

=== cargo check ===
Command: cargo check --all-targets --all-features --message-format=short
When: 2025-12-17 01:44:44
    Checking windows-link v0.2.1
    Checking once_cell v1.21.3
    Checking cfg-if v1.0.4
    Checking memchr v2.7.6
    Checking lazy_static v1.5.0
    Checking log v0.4.29
    Checking pin-project-lite v0.2.16
    Checking smallvec v1.15.1
    Checking ryu v1.0.20
    Checking itoa v1.0.15
    Checking regex-syntax v0.8.8
    Checking hashbrown v0.16.1
    Checking equivalent v1.0.2
    Checking unsafe-libyaml v0.2.11
    Checking cpufeatures v0.2.17
warning: rust_ui@0.1.0: Using Python 3.12 for PyO3 (full compatibility).
    Checking typenum v1.19.0
    Checking serde_core v1.0.228
    Checking anyhow v1.0.100
    Checking thiserror v1.0.69
    Checking windows-sys v0.61.2
    Checking libloading v0.8.9
    Checking thread_local v1.1.9
    Checking sharded-slab v0.1.7
    Checking tokio v1.48.0
    Checking tracing-core v0.1.35
    Checking aho-corasick v1.1.4
    Checking tracing-log v0.2.0
    Checking tracing v0.1.43
    Checking indexmap v2.12.1
    Checking generic-array v0.14.7
    Checking nu-ansi-term v0.50.3
    Checking crypto-common v0.1.7
    Checking block-buffer v0.10.4
    Checking digest v0.10.7
    Checking tracing-subscriber v0.3.22
    Checking sha2 v0.10.9
    Checking regex-automata v0.4.13
    Checking serde v1.0.228
    Checking serde_json v1.0.145
    Checking core_math v0.1.0 (C:\Users\Administrator\Desktop\Projects\oasm\ui\rust_ui\bin\core_math)
    Checking plugin_loader v0.1.0 (C:\Users\Administrator\Desktop\Projects\oasm\ui\rust_ui\bin\plugin_loader)
    Checking serde_yaml v0.9.34+deprecated
    Checking ipc_bridge v0.1.0 (C:\Users\Administrator\Desktop\Projects\oasm\ui\rust_ui\bin\ipc_bridge)
    Checking regex v1.12.2
    Checking validation v0.1.0 (C:\Users\Administrator\Desktop\Projects\oasm\ui\rust_ui\bin\validation)
    Checking rust_ui v0.1.0 (C:\Users\Administrator\Desktop\Projects\oasm\ui\rust_ui)
ui\rust_ui\src\startup.rs:6:37: error[E0412]: cannot find type `State` in this scope: not found in this scope
ui\rust_ui\src\startup.rs:1:5: warning: unused import: `crate::config::AppState`
ui\rust_ui\src\config.rs:94:5: error[E0382]: borrow of moved value: `phase`: value borrowed here after move
warning: `rust_ui` (bin "rust_ui" test) generated 1 warning
warning: rust_ui@0.1.0: Using Python 3.12 for PyO3 (full compatibility).
error: could not compile `rust_ui` (bin "rust_ui" test) due to 2 previous errors; 1 warning emitted
warning: build failed, waiting for other jobs to finish...
warning: `rust_ui` (bin "rust_ui") generated 1 warning (1 duplicate)
warning: rust_ui@0.1.0: Using Python 3.12 for PyO3 (full compatibility).
error: could not compile `rust_ui` (bin "rust_ui") due to 2 previous errors; 1 warning emitted
Duration: 2.7 seconds

=== cargo clippy ===
Command: cargo clippy --all-targets --all-features -- -D warnings
When: 2025-12-17 01:44:46
   Compiling rust_ui v0.1.0 (C:\Users\Administrator\Desktop\Projects\oasm\ui\rust_ui)
    Checking core_math v0.1.0 (C:\Users\Administrator\Desktop\Projects\oasm\ui\rust_ui\bin\core_math)
    Checking validation v0.1.0 (C:\Users\Administrator\Desktop\Projects\oasm\ui\rust_ui\bin\validation)
    Checking plugin_loader v0.1.0 (C:\Users\Administrator\Desktop\Projects\oasm\ui\rust_ui\bin\plugin_loader)
    Checking ipc_bridge v0.1.0 (C:\Users\Administrator\Desktop\Projects\oasm\ui\rust_ui\bin\ipc_bridge)
error: unsafe function's docs are missing a `# Safety` section
 --> ui\rust_ui\bin\validation\src\lib.rs:5:1
  |
5 | pub unsafe extern "C" fn val_email_fn(ptr: *const u8, len: usize) -> bool {
  | ^^^^^^^^^^^^^^^^^^^^^^^^^^^^^^^^^^^^^^^^^^^^^^^^^^^^^^^^^^^^^^^^^^^^^^^^^
  |
  = help: for further information visit https://rust-lang.github.io/rust-clippy/master/index.html#missing_safety_doc
  = note: `-D clippy::missing-safety-doc` implied by `-D warnings`
  = help: to override `-D warnings` add `#[allow(clippy::missing_safety_doc)]`
System.Management.Automation.RemoteException
error: unsafe function's docs are missing a `# Safety` section
 --> ui\rust_ui\bin\core_math\src\lib.rs:4:1
  |
4 | pub unsafe extern "C" fn add_i32_core(a: i32, b: i32) -> i32 {
  | ^^^^^^^^^^^^^^^^^^^^^^^^^^^^^^^^^^^^^^^^^^^^^^^^^^^^^^^^^^^^
  |
  = help: for further information visit https://rust-lang.github.io/rust-clippy/master/index.html#missing_safety_doc
  = note: `-D clippy::missing-safety-doc` implied by `-D warnings`
  = help: to override `-D warnings` add `#[allow(clippy::missing_safety_doc)]`
System.Management.Automation.RemoteException
error: unsafe function's docs are missing a `# Safety` section
  --> ui\rust_ui\bin\core_math\src\lib.rs:11:1
   |
11 | pub unsafe extern "C" fn mul_i32_core(a: i32, b: i32) -> i32 {
   | ^^^^^^^^^^^^^^^^^^^^^^^^^^^^^^^^^^^^^^^^^^^^^^^^^^^^^^^^^^^^
   |
   = help: for further information visit https://rust-lang.github.io/rust-clippy/master/index.html#missing_safety_doc
System.Management.Automation.RemoteException
error: unsafe function's docs are missing a `# Safety` section
  --> ui\rust_ui\bin\core_math\src\lib.rs:18:1
   |
18 | pub unsafe extern "C" fn div_i32_core(a: i32, b: i32) -> i32 {
   | ^^^^^^^^^^^^^^^^^^^^^^^^^^^^^^^^^^^^^^^^^^^^^^^^^^^^^^^^^^^^
   |
   = help: for further information visit https://rust-lang.github.io/rust-clippy/master/index.html#missing_safety_doc
System.Management.Automation.RemoteException
error: unsafe function's docs are missing a `# Safety` section
 --> ui\rust_ui\bin\plugin_loader\src\lib.rs:5:1
  |
5 | pub unsafe extern "C" fn load_plug_fn(path_ptr: *const u8, len: usize) -> bool {
  | ^^^^^^^^^^^^^^^^^^^^^^^^^^^^^^^^^^^^^^^^^^^^^^^^^^^^^^^^^^^^^^^^^^^^^^^^^^^^^^
  |
  = help: for further information visit https://rust-lang.github.io/rust-clippy/master/index.html#missing_safety_doc
  = note: `-D clippy::missing-safety-doc` implied by `-D warnings`
  = help: to override `-D warnings` add `#[allow(clippy::missing_safety_doc)]`
System.Management.Automation.RemoteException
error: could not compile `validation` (lib) due to 1 previous error
warning: build failed, waiting for other jobs to finish...
error: could not compile `core_math` (lib) due to 3 previous errors
error: could not compile `plugin_loader` (lib) due to 1 previous error
error: unsafe function's docs are missing a `# Safety` section
  --> ui\rust_ui\bin\ipc_bridge\src\lib.rs:11:1
   |
11 | pub unsafe extern "C" fn send_msg_fnc(id: u32, payload: *const u8, len: usize) -> bool {
   | ^^^^^^^^^^^^^^^^^^^^^^^^^^^^^^^^^^^^^^^^^^^^^^^^^^^^^^^^^^^^^^^^^^^^^^^^^^^^^^^^^^^^^^
   |
   = help: for further information visit https://rust-lang.github.io/rust-clippy/master/index.html#missing_safety_doc
   = note: `-D clippy::missing-safety-doc` implied by `-D warnings`
   = help: to override `-D warnings` add `#[allow(clippy::missing_safety_doc)]`
System.Management.Automation.RemoteException
error: could not compile `ipc_bridge` (lib) due to 1 previous error
Duration: 1.15 seconds

=== cargo test ===
Command: cargo test --all-targets --all-features -- --nocapture
When: 2025-12-17 01:44:47
warning: rust_ui@0.1.0: Using Python 3.12 for PyO3 (full compatibility).
   Compiling rust_ui v0.1.0 (C:\Users\Administrator\Desktop\Projects\oasm\ui\rust_ui)
error[E0412]: cannot find type `State` in this scope
 --> ui\rust_ui\src\startup.rs:6:37
  |
6 | pub fn init_environment(state: &mut State) -> Result<()> {
  |                                     ^^^^^ not found in this scope
System.Management.Automation.RemoteException
warning: unused import: `crate::config::AppState`
 --> ui\rust_ui\src\startup.rs:1:5
  |
1 | use crate::config::AppState;
  |     ^^^^^^^^^^^^^^^^^^^^^^^
  |
  = note: `#[warn(unused_imports)]` on by default
System.Management.Automation.RemoteException
error[E0382]: borrow of moved value: `phase`
  --> ui\rust_ui\src\config.rs:94:5
   |
92 | pub fn set_lifecycle(state: &mut AppState, phase: Lifecycle) {
   |                                            ----- move occurs because `phase` has type `Lifecycle`, which does not implement the `Copy` trait
93 |     state.lifecycle = phase;
   |                       ----- value moved here
94 |     info!(phase = ?phase, "Lifecycle updated");
   |     ^^^^^^^^^^^^^^^^^^^^^^^^^^^^^^^^^^^^^^^^^^ value borrowed here after move
   |
   = note: this error originates in the macro `$crate::valueset` which comes from the expansion of the macro `info` (in Nightly builds, run with -Z macro-backtrace for more info)
help: consider cloning the value if the performance cost is acceptable
   |
93 |     state.lifecycle = phase.clone();
   |                            ++++++++
System.Management.Automation.RemoteException
Some errors have detailed explanations: E0382, E0412.
For more information about an error, try `rustc --explain E0382`.
warning: `rust_ui` (bin "rust_ui" test) generated 1 warning
warning: rust_ui@0.1.0: Using Python 3.12 for PyO3 (full compatibility).
error: could not compile `rust_ui` (bin "rust_ui" test) due to 2 previous errors; 1 warning emitted
Duration: 0.59 seconds

